2024-02-26 10:13:58 [::1][-][nc8tlkhr00ivoe6ppi9oiv34n2][error][Error] Error: Class "app\modules\userauth\models\User" not found in C:\gitrepos\cakeoncall\vendor\yiisoft\yii2\web\User.php:698
Stack trace:
#0 C:\gitrepos\cakeoncall\vendor\yiisoft\yii2\web\User.php(199): yii\web\User->renewAuthStatus()
#1 C:\gitrepos\cakeoncall\vendor\yiisoft\yii2\web\User.php(367): yii\web\User->getIdentity()
#2 C:\gitrepos\cakeoncall\vendor\yiisoft\yii2\base\Component.php(139): yii\web\User->getIsGuest()
#3 C:\gitrepos\cakeoncall\vendor\yiisoft\yii2-debug\src\panels\UserPanel.php(83): yii\base\Component->__get('isGuest')
#4 C:\gitrepos\cakeoncall\vendor\yiisoft\yii2\base\BaseObject.php(109): yii\debug\panels\UserPanel->init()
#5 [internal function]: yii\base\BaseObject->__construct(Array)
#6 C:\gitrepos\cakeoncall\vendor\yiisoft\yii2\di\Container.php(419): ReflectionClass->newInstanceArgs(Array)
#7 C:\gitrepos\cakeoncall\vendor\yiisoft\yii2\di\Container.php(170): yii\di\Container->build('yii\\debug\\panel...', Array, Array)
#8 C:\gitrepos\cakeoncall\vendor\yiisoft\yii2\BaseYii.php(365): yii\di\Container->get('yii\\debug\\panel...', Array, Array)
#9 C:\gitrepos\cakeoncall\vendor\yiisoft\yii2-debug\src\Module.php(253): yii\BaseYii::createObject(Array)
#10 C:\gitrepos\cakeoncall\vendor\yiisoft\yii2-debug\src\Module.php(225): yii\debug\Module->initPanels()
#11 C:\gitrepos\cakeoncall\vendor\yiisoft\yii2\base\BaseObject.php(109): yii\debug\Module->init()
#12 C:\gitrepos\cakeoncall\vendor\yiisoft\yii2\base\Module.php(161): yii\base\BaseObject->__construct(Array)
#13 [internal function]: yii\base\Module->__construct('debug', Object(yii\web\Application), Array)
#14 C:\gitrepos\cakeoncall\vendor\yiisoft\yii2\di\Container.php(411): ReflectionClass->newInstanceArgs(Array)
#15 C:\gitrepos\cakeoncall\vendor\yiisoft\yii2\di\Container.php(170): yii\di\Container->build('yii\\debug\\Modul...', Array, Array)
#16 C:\gitrepos\cakeoncall\vendor\yiisoft\yii2\BaseYii.php(365): yii\di\Container->get('yii\\debug\\Modul...', Array, Array)
#17 C:\gitrepos\cakeoncall\vendor\yiisoft\yii2\base\Module.php(445): yii\BaseYii::createObject(Array, Array)
#18 C:\gitrepos\cakeoncall\vendor\yiisoft\yii2\base\Application.php(313): yii\base\Module->getModule('debug')
#19 C:\gitrepos\cakeoncall\vendor\yiisoft\yii2\web\Application.php(69): yii\base\Application->bootstrap()
#20 C:\gitrepos\cakeoncall\vendor\yiisoft\yii2\base\Application.php(271): yii\web\Application->bootstrap()
#21 C:\gitrepos\cakeoncall\vendor\yiisoft\yii2\base\BaseObject.php(109): yii\base\Application->init()
#22 C:\gitrepos\cakeoncall\vendor\yiisoft\yii2\base\Application.php(204): yii\base\BaseObject->__construct(Array)
#23 C:\gitrepos\cakeoncall\web\index.php(12): yii\base\Application->__construct(Array)
#24 {main}
2024-02-26 10:13:58 [::1][-][nc8tlkhr00ivoe6ppi9oiv34n2][info][application] $_GET = []

$_POST = []

$_FILES = []

$_COOKIE = [
    'Typo3InstallTool' => 'lq9hpgird039pm23p44p0ces5r'
    'viewed_ids' => 'b84589efe72196818a646bd4443c83b804cd1e0e4549460976073990f79a84cfa:2:{i:0;s:10:\"viewed_ids\";i:1;s:33:\"a:3:{i:0;i:28;i:1;i:29;i:2;i:30;}\";}'
    '_lang' => 'en'
    'cb-enabled' => 'enabled'
    '_identity' => 'f16c58d808cfcf1f5c75618ecd846b9bde6294030228ec536e9e6ce7e67ee062a:2:{i:0;s:9:\"_identity\";i:1;s:28:\"[\"101\",\"test101key\",2592000]\";}'
    '_csrf' => '2a5a70212033f78dc82aa91d1dd7577a17b21a21b47091050c9d4265da5751a0a:2:{i:0;s:5:\"_csrf\";i:1;s:32:\"O9SdO_IOIaa_Mcn5URoE1o97o266nO3_\";}'
    '_csrf_admin' => '3db856cebecff770c3469429f84e61b6535da991f3f1f33a8c7742294072b473a:2:{i:0;s:11:\"_csrf_admin\";i:1;s:32:\"rcy5EmierZqOeRrDYCEu0n7mculLzCPa\";}'
    'PHPSESSID' => 'nc8tlkhr00ivoe6ppi9oiv34n2'
]

$_SESSION = [
    '__flash' => [
        'success' => -1
    ]
    '__returnUrl' => 'http://localhost:3030/admin'
    '__id' => 34
    '__captcha/site/captcha' => 'eupmpo'
    '__captcha/site/captchacount' => 1
    'success' => true
    'autologin' => false
    '__lastKeyStroke' => 1708935215258
    '7f39b3edf48f157ebb349a4046951c9b50d66e5e' => '1'
    'c6611e15953c4b84127f0fd61e36799859116de7' => '3'
]

$_SERVER = [
    'DOCUMENT_ROOT' => 'C:\\gitrepos\\cakeoncall\\web'
    'REMOTE_ADDR' => '::1'
    'REMOTE_PORT' => '61654'
    'SERVER_SOFTWARE' => 'PHP 8.2.4 Development Server'
    'SERVER_PROTOCOL' => 'HTTP/1.1'
    'SERVER_NAME' => 'localhost'
    'SERVER_PORT' => '3030'
    'REQUEST_URI' => '/'
    'REQUEST_METHOD' => 'GET'
    'SCRIPT_NAME' => '/index.php'
    'SCRIPT_FILENAME' => 'C:\\gitrepos\\cakeoncall\\web\\index.php'
    'PHP_SELF' => '/index.php'
    'HTTP_HOST' => 'localhost:3030'
    'HTTP_CONNECTION' => 'keep-alive'
    'HTTP_SEC_CH_UA' => '\"Chromium\";v=\"122\", \"Not(A:Brand\";v=\"24\", \"Microsoft Edge\";v=\"122\"'
    'HTTP_SEC_CH_UA_MOBILE' => '?0'
    'HTTP_SEC_CH_UA_PLATFORM' => '\"Windows\"'
    'HTTP_UPGRADE_INSECURE_REQUESTS' => '1'
    'HTTP_USER_AGENT' => 'Mozilla/5.0 (Windows NT 10.0; Win64; x64) AppleWebKit/537.36 (KHTML, like Gecko) Chrome/122.0.0.0 Safari/537.36 Edg/122.0.0.0'
    'HTTP_ACCEPT' => 'text/html,application/xhtml+xml,application/xml;q=0.9,image/avif,image/webp,image/apng,*/*;q=0.8,application/signed-exchange;v=b3;q=0.7'
    'HTTP_SEC_FETCH_SITE' => 'none'
    'HTTP_SEC_FETCH_MODE' => 'navigate'
    'HTTP_SEC_FETCH_USER' => '?1'
    'HTTP_SEC_FETCH_DEST' => 'document'
    'HTTP_ACCEPT_ENCODING' => 'gzip, deflate, br'
    'HTTP_ACCEPT_LANGUAGE' => 'en-US,en;q=0.9'
    'HTTP_COOKIE' => 'Typo3InstallTool=lq9hpgird039pm23p44p0ces5r; viewed_ids=b84589efe72196818a646bd4443c83b804cd1e0e4549460976073990f79a84cfa%3A2%3A%7Bi%3A0%3Bs%3A10%3A%22viewed_ids%22%3Bi%3A1%3Bs%3A33%3A%22a%3A3%3A%7Bi%3A0%3Bi%3A28%3Bi%3A1%3Bi%3A29%3Bi%3A2%3Bi%3A30%3B%7D%22%3B%7D; _lang=en; cb-enabled=enabled; _identity=f16c58d808cfcf1f5c75618ecd846b9bde6294030228ec536e9e6ce7e67ee062a%3A2%3A%7Bi%3A0%3Bs%3A9%3A%22_identity%22%3Bi%3A1%3Bs%3A28%3A%22%5B%22101%22%2C%22test101key%22%2C2592000%5D%22%3B%7D; _csrf=2a5a70212033f78dc82aa91d1dd7577a17b21a21b47091050c9d4265da5751a0a%3A2%3A%7Bi%3A0%3Bs%3A5%3A%22_csrf%22%3Bi%3A1%3Bs%3A32%3A%22O9SdO_IOIaa_Mcn5URoE1o97o266nO3_%22%3B%7D; _csrf_admin=3db856cebecff770c3469429f84e61b6535da991f3f1f33a8c7742294072b473a%3A2%3A%7Bi%3A0%3Bs%3A11%3A%22_csrf_admin%22%3Bi%3A1%3Bs%3A32%3A%22rcy5EmierZqOeRrDYCEu0n7mculLzCPa%22%3B%7D; PHPSESSID=nc8tlkhr00ivoe6ppi9oiv34n2'
    'REQUEST_TIME_FLOAT' => 1708938838.2594
    'REQUEST_TIME' => 1708938838
]
2024-02-26 10:15:45 [::1][-][nc8tlkhr00ivoe6ppi9oiv34n2][error][Error] Error: Class "siripravi\userhelper\models\User" not found in C:\gitrepos\cakeoncall\modules\userauth\models\User.php:15
Stack trace:
#0 C:\gitrepos\cakeoncall\vendor\yiisoft\yii2\BaseYii.php(293): include()
#1 C:\gitrepos\cakeoncall\vendor\yiisoft\yii2\web\User.php(698): yii\BaseYii::autoload('app\\modules\\use...')
#2 C:\gitrepos\cakeoncall\vendor\yiisoft\yii2\web\User.php(199): yii\web\User->renewAuthStatus()
#3 C:\gitrepos\cakeoncall\vendor\yiisoft\yii2\web\User.php(367): yii\web\User->getIdentity()
#4 C:\gitrepos\cakeoncall\vendor\yiisoft\yii2\base\Component.php(139): yii\web\User->getIsGuest()
#5 C:\gitrepos\cakeoncall\vendor\yiisoft\yii2-debug\src\panels\UserPanel.php(83): yii\base\Component->__get('isGuest')
#6 C:\gitrepos\cakeoncall\vendor\yiisoft\yii2\base\BaseObject.php(109): yii\debug\panels\UserPanel->init()
#7 [internal function]: yii\base\BaseObject->__construct(Array)
#8 C:\gitrepos\cakeoncall\vendor\yiisoft\yii2\di\Container.php(419): ReflectionClass->newInstanceArgs(Array)
#9 C:\gitrepos\cakeoncall\vendor\yiisoft\yii2\di\Container.php(170): yii\di\Container->build('yii\\debug\\panel...', Array, Array)
#10 C:\gitrepos\cakeoncall\vendor\yiisoft\yii2\BaseYii.php(365): yii\di\Container->get('yii\\debug\\panel...', Array, Array)
#11 C:\gitrepos\cakeoncall\vendor\yiisoft\yii2-debug\src\Module.php(253): yii\BaseYii::createObject(Array)
#12 C:\gitrepos\cakeoncall\vendor\yiisoft\yii2-debug\src\Module.php(225): yii\debug\Module->initPanels()
#13 C:\gitrepos\cakeoncall\vendor\yiisoft\yii2\base\BaseObject.php(109): yii\debug\Module->init()
#14 C:\gitrepos\cakeoncall\vendor\yiisoft\yii2\base\Module.php(161): yii\base\BaseObject->__construct(Array)
#15 [internal function]: yii\base\Module->__construct('debug', Object(yii\web\Application), Array)
#16 C:\gitrepos\cakeoncall\vendor\yiisoft\yii2\di\Container.php(411): ReflectionClass->newInstanceArgs(Array)
#17 C:\gitrepos\cakeoncall\vendor\yiisoft\yii2\di\Container.php(170): yii\di\Container->build('yii\\debug\\Modul...', Array, Array)
#18 C:\gitrepos\cakeoncall\vendor\yiisoft\yii2\BaseYii.php(365): yii\di\Container->get('yii\\debug\\Modul...', Array, Array)
#19 C:\gitrepos\cakeoncall\vendor\yiisoft\yii2\base\Module.php(445): yii\BaseYii::createObject(Array, Array)
#20 C:\gitrepos\cakeoncall\vendor\yiisoft\yii2\base\Application.php(313): yii\base\Module->getModule('debug')
#21 C:\gitrepos\cakeoncall\vendor\yiisoft\yii2\web\Application.php(69): yii\base\Application->bootstrap()
#22 C:\gitrepos\cakeoncall\vendor\yiisoft\yii2\base\Application.php(271): yii\web\Application->bootstrap()
#23 C:\gitrepos\cakeoncall\vendor\yiisoft\yii2\base\BaseObject.php(109): yii\base\Application->init()
#24 C:\gitrepos\cakeoncall\vendor\yiisoft\yii2\base\Application.php(204): yii\base\BaseObject->__construct(Array)
#25 C:\gitrepos\cakeoncall\web\index.php(12): yii\base\Application->__construct(Array)
#26 {main}
2024-02-26 10:15:45 [::1][-][nc8tlkhr00ivoe6ppi9oiv34n2][info][application] $_GET = []

$_POST = []

$_FILES = []

$_COOKIE = [
    'Typo3InstallTool' => 'lq9hpgird039pm23p44p0ces5r'
    'viewed_ids' => 'b84589efe72196818a646bd4443c83b804cd1e0e4549460976073990f79a84cfa:2:{i:0;s:10:\"viewed_ids\";i:1;s:33:\"a:3:{i:0;i:28;i:1;i:29;i:2;i:30;}\";}'
    '_lang' => 'en'
    'cb-enabled' => 'enabled'
    '_identity' => 'f16c58d808cfcf1f5c75618ecd846b9bde6294030228ec536e9e6ce7e67ee062a:2:{i:0;s:9:\"_identity\";i:1;s:28:\"[\"101\",\"test101key\",2592000]\";}'
    '_csrf' => '2a5a70212033f78dc82aa91d1dd7577a17b21a21b47091050c9d4265da5751a0a:2:{i:0;s:5:\"_csrf\";i:1;s:32:\"O9SdO_IOIaa_Mcn5URoE1o97o266nO3_\";}'
    '_csrf_admin' => '3db856cebecff770c3469429f84e61b6535da991f3f1f33a8c7742294072b473a:2:{i:0;s:11:\"_csrf_admin\";i:1;s:32:\"rcy5EmierZqOeRrDYCEu0n7mculLzCPa\";}'
    'PHPSESSID' => 'nc8tlkhr00ivoe6ppi9oiv34n2'
]

$_SESSION = [
    '__flash' => [
        'success' => -1
    ]
    '__returnUrl' => 'http://localhost:3030/admin'
    '__id' => 34
    '__captcha/site/captcha' => 'eupmpo'
    '__captcha/site/captchacount' => 1
    'success' => true
    'autologin' => false
    '__lastKeyStroke' => 1708935215258
    '7f39b3edf48f157ebb349a4046951c9b50d66e5e' => '1'
    'c6611e15953c4b84127f0fd61e36799859116de7' => '3'
]

$_SERVER = [
    'DOCUMENT_ROOT' => 'C:\\gitrepos\\cakeoncall\\web'
    'REMOTE_ADDR' => '::1'
    'REMOTE_PORT' => '61676'
    'SERVER_SOFTWARE' => 'PHP 8.2.4 Development Server'
    'SERVER_PROTOCOL' => 'HTTP/1.1'
    'SERVER_NAME' => 'localhost'
    'SERVER_PORT' => '3030'
    'REQUEST_URI' => '/'
    'REQUEST_METHOD' => 'GET'
    'SCRIPT_NAME' => '/index.php'
    'SCRIPT_FILENAME' => 'C:\\gitrepos\\cakeoncall\\web\\index.php'
    'PHP_SELF' => '/index.php'
    'HTTP_HOST' => 'localhost:3030'
    'HTTP_CONNECTION' => 'keep-alive'
    'HTTP_CACHE_CONTROL' => 'max-age=0'
    'HTTP_SEC_CH_UA' => '\"Chromium\";v=\"122\", \"Not(A:Brand\";v=\"24\", \"Microsoft Edge\";v=\"122\"'
    'HTTP_SEC_CH_UA_MOBILE' => '?0'
    'HTTP_SEC_CH_UA_PLATFORM' => '\"Windows\"'
    'HTTP_UPGRADE_INSECURE_REQUESTS' => '1'
    'HTTP_USER_AGENT' => 'Mozilla/5.0 (Windows NT 10.0; Win64; x64) AppleWebKit/537.36 (KHTML, like Gecko) Chrome/122.0.0.0 Safari/537.36 Edg/122.0.0.0'
    'HTTP_ACCEPT' => 'text/html,application/xhtml+xml,application/xml;q=0.9,image/avif,image/webp,image/apng,*/*;q=0.8,application/signed-exchange;v=b3;q=0.7'
    'HTTP_SEC_FETCH_SITE' => 'none'
    'HTTP_SEC_FETCH_MODE' => 'navigate'
    'HTTP_SEC_FETCH_USER' => '?1'
    'HTTP_SEC_FETCH_DEST' => 'document'
    'HTTP_ACCEPT_ENCODING' => 'gzip, deflate, br'
    'HTTP_ACCEPT_LANGUAGE' => 'en-US,en;q=0.9'
    'HTTP_COOKIE' => 'Typo3InstallTool=lq9hpgird039pm23p44p0ces5r; viewed_ids=b84589efe72196818a646bd4443c83b804cd1e0e4549460976073990f79a84cfa%3A2%3A%7Bi%3A0%3Bs%3A10%3A%22viewed_ids%22%3Bi%3A1%3Bs%3A33%3A%22a%3A3%3A%7Bi%3A0%3Bi%3A28%3Bi%3A1%3Bi%3A29%3Bi%3A2%3Bi%3A30%3B%7D%22%3B%7D; _lang=en; cb-enabled=enabled; _identity=f16c58d808cfcf1f5c75618ecd846b9bde6294030228ec536e9e6ce7e67ee062a%3A2%3A%7Bi%3A0%3Bs%3A9%3A%22_identity%22%3Bi%3A1%3Bs%3A28%3A%22%5B%22101%22%2C%22test101key%22%2C2592000%5D%22%3B%7D; _csrf=2a5a70212033f78dc82aa91d1dd7577a17b21a21b47091050c9d4265da5751a0a%3A2%3A%7Bi%3A0%3Bs%3A5%3A%22_csrf%22%3Bi%3A1%3Bs%3A32%3A%22O9SdO_IOIaa_Mcn5URoE1o97o266nO3_%22%3B%7D; _csrf_admin=3db856cebecff770c3469429f84e61b6535da991f3f1f33a8c7742294072b473a%3A2%3A%7Bi%3A0%3Bs%3A11%3A%22_csrf_admin%22%3Bi%3A1%3Bs%3A32%3A%22rcy5EmierZqOeRrDYCEu0n7mculLzCPa%22%3B%7D; PHPSESSID=nc8tlkhr00ivoe6ppi9oiv34n2'
    'REQUEST_TIME_FLOAT' => 1708938945.0756
    'REQUEST_TIME' => 1708938945
]
